<?xml version="1.0" encoding="UTF-8"?>
<!-- Generated by org.testng.reporters.JUnitXMLReporter -->
<testsuite ignored="0" hostname="LAPTOP-VRCUDKR5" failures="0" tests="3" name="Test" time="42.245" errors="0" timestamp="2022-09-21T13:03:35 IST">
  <testcase classname="TestCases.SimplilearnLoginTest" name="Test1" time="11.099"/>
  <testcase classname="TestCases.SimplilearnLoginTest" name="Test2" time="9.177"/>
  <testcase classname="TestCases.SimplilearnLoginTest" name="Test3" time="9.537"/>
</testsuite> <!-- Test -->
