<?xml version="1.0" encoding="UTF-8"?>
<testng-results ignored="0" total="3" passed="3" failed="0" skipped="0">
  <reporter-output>
  </reporter-output>
  <suite started-at="2022-09-21T13:08:57 IST" name="Suite" finished-at="2022-09-21T13:09:32 IST" duration-ms="34700">
    <groups>
    </groups>
    <test started-at="2022-09-21T13:08:57 IST" name="Test" finished-at="2022-09-21T13:09:32 IST" duration-ms="34700">
      <class name="TestCases.SimplilearnLoginTest">
        <test-method is-config="true" signature="DataSetUp()[pri:0, instance:TestCases.SimplilearnLoginTest@193f604a]" started-at="2022-09-21T13:08:57 IST" name="DataSetUp" finished-at="2022-09-21T13:08:58 IST" duration-ms="386" status="PASS">
          <reporter-output>
          </reporter-output>
        </test-method> <!-- DataSetUp -->
        <test-method is-config="true" signature="SetUp(java.lang.reflect.Method)[pri:0, instance:TestCases.SimplilearnLoginTest@193f604a]" started-at="2022-09-21T13:08:58 IST" name="SetUp" finished-at="2022-09-21T13:09:00 IST" duration-ms="2318" status="PASS">
          <params>
            <param index="0">
              <value>
                <![CDATA[public void TestCases.SimplilearnLoginTest.Test1() throws java.lang.InterruptedException]]>
              </value>
            </param>
          </params>
          <reporter-output>
          </reporter-output>
        </test-method> <!-- SetUp -->
        <test-method signature="Test1()[pri:0, instance:TestCases.SimplilearnLoginTest@193f604a]" started-at="2022-09-21T13:09:00 IST" name="Test1" finished-at="2022-09-21T13:09:09 IST" duration-ms="8685" status="PASS">
          <reporter-output>
          </reporter-output>
        </test-method> <!-- Test1 -->
        <test-method is-config="true" signature="TearDown()[pri:0, instance:TestCases.SimplilearnLoginTest@193f604a]" started-at="2022-09-21T13:09:09 IST" name="TearDown" finished-at="2022-09-21T13:09:09 IST" duration-ms="57" status="PASS">
          <reporter-output>
          </reporter-output>
        </test-method> <!-- TearDown -->
        <test-method is-config="true" signature="SetUp(java.lang.reflect.Method)[pri:0, instance:TestCases.SimplilearnLoginTest@193f604a]" started-at="2022-09-21T13:09:09 IST" name="SetUp" finished-at="2022-09-21T13:09:11 IST" duration-ms="2021" status="PASS">
          <params>
            <param index="0">
              <value>
                <![CDATA[public void TestCases.SimplilearnLoginTest.Test2(java.lang.String,java.lang.String)]]>
              </value>
            </param>
          </params>
          <reporter-output>
          </reporter-output>
        </test-method> <!-- SetUp -->
        <test-method signature="Test2(java.lang.String,java.lang.String)[pri:0, instance:TestCases.SimplilearnLoginTest@193f604a]" started-at="2022-09-21T13:09:11 IST" name="Test2" finished-at="2022-09-21T13:09:20 IST" duration-ms="8839" status="PASS">
          <params>
            <param index="0">
              <value>
                <![CDATA[abc@xyz.com]]>
              </value>
            </param>
            <param index="1">
              <value>
                <![CDATA[Abc@1234]]>
              </value>
            </param>
          </params>
          <reporter-output>
          </reporter-output>
        </test-method> <!-- Test2 -->
        <test-method is-config="true" signature="TearDown()[pri:0, instance:TestCases.SimplilearnLoginTest@193f604a]" started-at="2022-09-21T13:09:20 IST" name="TearDown" finished-at="2022-09-21T13:09:20 IST" duration-ms="53" status="PASS">
          <reporter-output>
          </reporter-output>
        </test-method> <!-- TearDown -->
        <test-method is-config="true" signature="SetUp(java.lang.reflect.Method)[pri:0, instance:TestCases.SimplilearnLoginTest@193f604a]" started-at="2022-09-21T13:09:20 IST" name="SetUp" finished-at="2022-09-21T13:09:22 IST" duration-ms="1876" status="PASS">
          <params>
            <param index="0">
              <value>
                <![CDATA[public void TestCases.SimplilearnLoginTest.Test3()]]>
              </value>
            </param>
          </params>
          <reporter-output>
          </reporter-output>
        </test-method> <!-- SetUp -->
        <test-method signature="Test3()[pri:0, instance:TestCases.SimplilearnLoginTest@193f604a]" started-at="2022-09-21T13:09:22 IST" name="Test3" finished-at="2022-09-21T13:09:32 IST" duration-ms="9953" status="PASS">
          <reporter-output>
          </reporter-output>
        </test-method> <!-- Test3 -->
        <test-method is-config="true" signature="TearDown()[pri:0, instance:TestCases.SimplilearnLoginTest@193f604a]" started-at="2022-09-21T13:09:32 IST" name="TearDown" finished-at="2022-09-21T13:09:32 IST" duration-ms="52" status="PASS">
          <reporter-output>
          </reporter-output>
        </test-method> <!-- TearDown -->
        <test-method is-config="true" signature="DataClean()[pri:0, instance:TestCases.SimplilearnLoginTest@193f604a]" started-at="2022-09-21T13:09:32 IST" name="DataClean" finished-at="2022-09-21T13:09:32 IST" duration-ms="435" status="PASS">
          <reporter-output>
          </reporter-output>
        </test-method> <!-- DataClean -->
      </class> <!-- TestCases.SimplilearnLoginTest -->
    </test> <!-- Test -->
  </suite> <!-- Suite -->
</testng-results>
